<?xml version="1.0" encoding="UTF-8"?>
<testng-results skipped="0" failed="0" total="1" passed="1">
  <reporter-output>
  </reporter-output>
  <suite name="Command line suite" duration-ms="63089" started-at="2020-01-12T06:21:25Z" finished-at="2020-01-12T06:22:28Z">
    <groups>
    </groups>
    <test name="Command line test" duration-ms="63089" started-at="2020-01-12T06:21:25Z" finished-at="2020-01-12T06:22:28Z">
      <class name="test.NewTest">
        <test-method status="PASS" signature="launchBrowser()[pri:0, instance:test.NewTest@13969fbe]" name="launchBrowser" duration-ms="63032" started-at="2020-01-12T11:51:25Z" finished-at="2020-01-12T11:52:28Z">
          <reporter-output>
          </reporter-output>
        </test-method> <!-- launchBrowser -->
      </class> <!-- test.NewTest -->
    </test> <!-- Command line test -->
  </suite> <!-- Command line suite -->
</testng-results>
